<?xml version="1.0" encoding="UTF-8"?>
<!-- Generated by org.testng.reporters.JUnitReportReporter -->
<testsuite hostname="DESKTOP-CSGC024" failures="0" tests="4" name="com.hrm.scenario2.TestCases.AdminTest" time="12.376" errors="0" timestamp="2025-06-10T10:33:31 IST" skipped="0">
  <testcase classname="com.hrm.scenario2.TestCases.AdminTest" name="assertCountAndNavigateToAdmin" time="3.802"/>
  <system-out/>
  <testcase classname="com.hrm.scenario2.TestCases.AdminTest" name="testByUserName" time="2.821"/>
  <system-out/>
  <testcase classname="com.hrm.scenario2.TestCases.AdminTest" name="testByUserRole" time="2.634"/>
  <system-out/>
  <testcase classname="com.hrm.scenario2.TestCases.AdminTest" name="testByUserStatus" time="3.119"/>
  <system-out/>
</testsuite> <!-- com.hrm.scenario2.TestCases.AdminTest -->
