<?xml version="1.0" encoding="UTF-8"?>
<!-- Generated by org.testng.reporters.JUnitReportReporter -->
<testsuite hostname="DESKTOP-CSGC024" failures="0" tests="5" name="com.hrm.scenario1.Pages.LoginAndLogout" time="18.776" errors="0" timestamp="2025-06-10T13:28:30 IST" skipped="0">
  <testcase classname="com.hrm.scenario1.Pages.LoginAndLogout" name="loginWithValidAndInvalidCred" time="6.863"/>
  <system-out/>
  <testcase classname="com.hrm.scenario1.Pages.LoginAndLogout" name="loginWithValidAndInvalidCred" time="1.794"/>
  <system-out/>
  <testcase classname="com.hrm.scenario1.Pages.LoginAndLogout" name="loginWithValidAndInvalidCred" time="1.820"/>
  <system-out/>
  <testcase classname="com.hrm.scenario1.Pages.LoginAndLogout" name="loginWithValidAndInvalidCred" time="1.941"/>
  <system-out/>
  <testcase classname="com.hrm.scenario1.Pages.LoginAndLogout" name="loginWithValidAndInvalidCred" time="6.358"/>
  <system-out/>
</testsuite> <!-- com.hrm.scenario1.Pages.LoginAndLogout -->
