<?xml version="1.0" encoding="UTF-8"?>
<!-- Generated by org.testng.reporters.JUnitReportReporter -->
<testsuite hostname="DESKTOP-CSGC024" failures="0" tests="4" name="webTest.DashboardPageTest" time="13.093" errors="0" timestamp="2025-06-04T13:15:06 IST" skipped="0">
  <testcase classname="webTest.DashboardPageTest" name="verifyAdmin" time="3.573"/>
  <system-out/>
  <testcase classname="webTest.DashboardPageTest" name="VerifySearchWithUsername" time="3.771"/>
  <system-out/>
  <testcase classname="webTest.DashboardPageTest" name="VerifySerchWithUserRole" time="3.023"/>
  <system-out/>
  <testcase classname="webTest.DashboardPageTest" name="VerifySerchWithUserStatus" time="2.726"/>
  <system-out/>
</testsuite> <!-- webTest.DashboardPageTest -->
