<?xml version="1.0" encoding="UTF-8"?>
<!-- Generated by org.testng.reporters.JUnitReportReporter -->
<testsuite hostname="DESKTOP-CSGC024" failures="0" tests="1" name="com.hrm.scenario2.TestCases.LoginTest" time="3.264" errors="0" timestamp="2025-06-10T10:33:31 IST" skipped="0">
  <testcase classname="com.hrm.scenario2.TestCases.LoginTest" name="login" time="3.264"/>
  <system-out/>
</testsuite> <!-- com.hrm.scenario2.TestCases.LoginTest -->
